<?xml version="1.0" encoding="UTF-8"?>
<!-- Generated by org.testng.reporters.JUnitReportReporter -->
<testsuite hostname="Admin-PC" name="guru.qa.TestCases.LoginTestCase" tests="1" failures="0" timestamp="21 Sep 2019 09:13:38 GMT" time="57.536" errors="0">
  <testcase name="Verifylogin" time="57.536" classname="guru.qa.TestCases.LoginTestCase"/>
</testsuite> <!-- guru.qa.TestCases.LoginTestCase -->
