<?xml version="1.0" encoding="UTF-8"?>
<!-- Generated by org.testng.reporters.JUnitReportReporter -->
<testsuite hostname="Admin-PC" name="guru.qa.TestCases.CreateCustomerTest" tests="1" failures="0" timestamp="21 Sep 2019 10:04:18 GMT" time="152.188" errors="0">
  <testcase name="verifyCreateCustomer" time="152.188" classname="guru.qa.TestCases.CreateCustomerTest"/>
</testsuite> <!-- guru.qa.TestCases.CreateCustomerTest -->
